C:\Projects\MovieList\MovieList.Api\src\config\config.js
C:\Projects\MovieList\MovieList.Api\src\config\config.js.map
C:\Projects\MovieList\MovieList.Api\src\routes\index.js
C:\Projects\MovieList\MovieList.Api\src\routes\index.js.map
C:\Projects\MovieList\MovieList.Api\src\models\commentModels\comment.js
C:\Projects\MovieList\MovieList.Api\src\models\commentModels\comment.js.map
C:\Projects\MovieList\MovieList.Api\src\models\commentModels\index.js
C:\Projects\MovieList\MovieList.Api\src\models\commentModels\index.js.map
C:\Projects\MovieList\MovieList.Api\src\models\movieModels\movie.js
C:\Projects\MovieList\MovieList.Api\src\models\movieModels\movie.js.map
C:\Projects\MovieList\MovieList.Api\src\models\movieModels\index.js
C:\Projects\MovieList\MovieList.Api\src\models\movieModels\index.js.map
C:\Projects\MovieList\MovieList.Api\src\models\personModels\person.js
C:\Projects\MovieList\MovieList.Api\src\models\personModels\person.js.map
C:\Projects\MovieList\MovieList.Api\src\models\personModels\index.js
C:\Projects\MovieList\MovieList.Api\src\models\personModels\index.js.map
C:\Projects\MovieList\MovieList.Api\src\models\index.js
C:\Projects\MovieList\MovieList.Api\src\models\index.js.map
C:\Projects\MovieList\MovieList.Api\src\dao\comment.js
C:\Projects\MovieList\MovieList.Api\src\dao\comment.js.map
C:\Projects\MovieList\MovieList.Api\src\dao\movie.js
C:\Projects\MovieList\MovieList.Api\src\dao\movie.js.map
C:\Projects\MovieList\MovieList.Api\src\dao\person.js
C:\Projects\MovieList\MovieList.Api\src\dao\person.js.map
C:\Projects\MovieList\MovieList.Api\src\dao\index.js
C:\Projects\MovieList\MovieList.Api\src\dao\index.js.map
C:\Projects\MovieList\MovieList.Api\src\controllers\movieController.js
C:\Projects\MovieList\MovieList.Api\src\controllers\movieController.js.map
C:\Projects\MovieList\MovieList.Api\src\routes\movie.js
C:\Projects\MovieList\MovieList.Api\src\routes\movie.js.map
C:\Projects\MovieList\MovieList.Api\src\controllers\personController.js
C:\Projects\MovieList\MovieList.Api\src\controllers\personController.js.map
C:\Projects\MovieList\MovieList.Api\src\routes\person.js
C:\Projects\MovieList\MovieList.Api\src\routes\person.js.map
C:\Projects\MovieList\MovieList.Api\src\controllers\commentController.js
C:\Projects\MovieList\MovieList.Api\src\controllers\commentController.js.map
C:\Projects\MovieList\MovieList.Api\src\routes\comment.js
C:\Projects\MovieList\MovieList.Api\src\routes\comment.js.map
C:\Projects\MovieList\MovieList.Api\src\app.js
C:\Projects\MovieList\MovieList.Api\src\app.js.map
