C:\Projects\MovieList\MovieList.WebClient\build\dist\models\Movie.js
C:\Projects\MovieList\MovieList.WebClient\build\dist\models\Movie.js.map
C:\Projects\MovieList\MovieList.WebClient\build\dist\routes\Movie\components\AddMovie.js
C:\Projects\MovieList\MovieList.WebClient\build\dist\routes\Movie\components\AddMovie.js.map
C:\Projects\MovieList\MovieList.WebClient\build\dist\config\config.js
C:\Projects\MovieList\MovieList.WebClient\build\dist\config\config.js.map
C:\Projects\MovieList\MovieList.WebClient\build\dist\modules\movie.js
C:\Projects\MovieList\MovieList.WebClient\build\dist\modules\movie.js.map
C:\Projects\MovieList\MovieList.WebClient\build\dist\routes\Movie\containers\AddMovieContainer.js
C:\Projects\MovieList\MovieList.WebClient\build\dist\routes\Movie\containers\AddMovieContainer.js.map
C:\Projects\MovieList\MovieList.WebClient\build\dist\routes\Movie\components\Movie.js
C:\Projects\MovieList\MovieList.WebClient\build\dist\routes\Movie\components\Movie.js.map
C:\Projects\MovieList\MovieList.WebClient\build\dist\routes\Movie\containers\MovieContainer.js
C:\Projects\MovieList\MovieList.WebClient\build\dist\routes\Movie\containers\MovieContainer.js.map
C:\Projects\MovieList\MovieList.WebClient\build\dist\models\Person.js
C:\Projects\MovieList\MovieList.WebClient\build\dist\models\Person.js.map
C:\Projects\MovieList\MovieList.WebClient\build\dist\models\Comment.js
C:\Projects\MovieList\MovieList.WebClient\build\dist\models\Comment.js.map
C:\Projects\MovieList\MovieList.WebClient\build\dist\routes\Comment\components\CommentPage.js
C:\Projects\MovieList\MovieList.WebClient\build\dist\routes\Comment\components\CommentPage.js.map
C:\Projects\MovieList\MovieList.WebClient\build\dist\modules\person.js
C:\Projects\MovieList\MovieList.WebClient\build\dist\modules\person.js.map
C:\Projects\MovieList\MovieList.WebClient\build\dist\modules\comment.js
C:\Projects\MovieList\MovieList.WebClient\build\dist\modules\comment.js.map
C:\Projects\MovieList\MovieList.WebClient\build\dist\routes\Comment\containers\CommentPageContainer.js
C:\Projects\MovieList\MovieList.WebClient\build\dist\routes\Comment\containers\CommentPageContainer.js.map
C:\Projects\MovieList\MovieList.WebClient\build\dist\routes\index.js
C:\Projects\MovieList\MovieList.WebClient\build\dist\routes\index.js.map
C:\Projects\MovieList\MovieList.WebClient\build\dist\layouts\CoreLayout.js
C:\Projects\MovieList\MovieList.WebClient\build\dist\layouts\CoreLayout.js.map
C:\Projects\MovieList\MovieList.WebClient\build\dist\container\AppContainer.js
C:\Projects\MovieList\MovieList.WebClient\build\dist\container\AppContainer.js.map
C:\Projects\MovieList\MovieList.WebClient\build\dist\store\reducers.js
C:\Projects\MovieList\MovieList.WebClient\build\dist\store\reducers.js.map
C:\Projects\MovieList\MovieList.WebClient\build\dist\store\createStore.js
C:\Projects\MovieList\MovieList.WebClient\build\dist\store\createStore.js.map
C:\Projects\MovieList\MovieList.WebClient\build\dist\App.js
C:\Projects\MovieList\MovieList.WebClient\build\dist\App.js.map
